ARM GAS  C:\Users\drede\AppData\Local\Temp\ccYtptWQ.s 			page 1


   1              		.cpu cortex-m7
   2              		.eabi_attribute 28, 1
   3              		.eabi_attribute 20, 1
   4              		.eabi_attribute 21, 1
   5              		.eabi_attribute 23, 3
   6              		.eabi_attribute 24, 1
   7              		.eabi_attribute 25, 1
   8              		.eabi_attribute 26, 1
   9              		.eabi_attribute 30, 1
  10              		.eabi_attribute 34, 1
  11              		.eabi_attribute 18, 4
  12              		.file	"gpio.c"
  13              		.text
  14              	.Ltext0:
  15              		.cfi_sections	.debug_frame
  16              		.section	.text.MX_GPIO_Init,"ax",%progbits
  17              		.align	1
  18              		.global	MX_GPIO_Init
  19              		.arch armv7e-m
  20              		.syntax unified
  21              		.thumb
  22              		.thumb_func
  23              		.fpu fpv5-d16
  25              	MX_GPIO_Init:
  26              	.LFB141:
  27              		.file 1 "Core/Src/gpio.c"
   1:Core/Src/gpio.c **** /**
   2:Core/Src/gpio.c ****   ******************************************************************************
   3:Core/Src/gpio.c ****   * @file    gpio.c
   4:Core/Src/gpio.c ****   * @brief   This file provides code for the configuration
   5:Core/Src/gpio.c ****   *          of all used GPIO pins.
   6:Core/Src/gpio.c ****   ******************************************************************************
   7:Core/Src/gpio.c ****   * @attention
   8:Core/Src/gpio.c ****   *
   9:Core/Src/gpio.c ****   * <h2><center>&copy; Copyright (c) 2021 STMicroelectronics.
  10:Core/Src/gpio.c ****   * All rights reserved.</center></h2>
  11:Core/Src/gpio.c ****   *
  12:Core/Src/gpio.c ****   * This software component is licensed by ST under BSD 3-Clause license,
  13:Core/Src/gpio.c ****   * the "License"; You may not use this file except in compliance with the
  14:Core/Src/gpio.c ****   * License. You may obtain a copy of the License at:
  15:Core/Src/gpio.c ****   *                        opensource.org/licenses/BSD-3-Clause
  16:Core/Src/gpio.c ****   *
  17:Core/Src/gpio.c ****   ******************************************************************************
  18:Core/Src/gpio.c ****   */
  19:Core/Src/gpio.c **** 
  20:Core/Src/gpio.c **** /* Includes ------------------------------------------------------------------*/
  21:Core/Src/gpio.c **** #include "gpio.h"
  22:Core/Src/gpio.c **** 
  23:Core/Src/gpio.c **** /* USER CODE BEGIN 0 */
  24:Core/Src/gpio.c **** 
  25:Core/Src/gpio.c **** /* USER CODE END 0 */
  26:Core/Src/gpio.c **** 
  27:Core/Src/gpio.c **** /*----------------------------------------------------------------------------*/
  28:Core/Src/gpio.c **** /* Configure GPIO                                                             */
  29:Core/Src/gpio.c **** /*----------------------------------------------------------------------------*/
  30:Core/Src/gpio.c **** /* USER CODE BEGIN 1 */
  31:Core/Src/gpio.c **** 
ARM GAS  C:\Users\drede\AppData\Local\Temp\ccYtptWQ.s 			page 2


  32:Core/Src/gpio.c **** /* USER CODE END 1 */
  33:Core/Src/gpio.c **** 
  34:Core/Src/gpio.c **** /** Configure pins
  35:Core/Src/gpio.c **** */
  36:Core/Src/gpio.c **** void MX_GPIO_Init(void)
  37:Core/Src/gpio.c **** {
  28              		.loc 1 37 1 view -0
  29              		.cfi_startproc
  30              		@ args = 0, pretend = 0, frame = 40
  31              		@ frame_needed = 0, uses_anonymous_args = 0
  32 0000 F0B5     		push	{r4, r5, r6, r7, lr}
  33              	.LCFI0:
  34              		.cfi_def_cfa_offset 20
  35              		.cfi_offset 4, -20
  36              		.cfi_offset 5, -16
  37              		.cfi_offset 6, -12
  38              		.cfi_offset 7, -8
  39              		.cfi_offset 14, -4
  40 0002 8BB0     		sub	sp, sp, #44
  41              	.LCFI1:
  42              		.cfi_def_cfa_offset 64
  38:Core/Src/gpio.c **** 
  39:Core/Src/gpio.c ****   GPIO_InitTypeDef GPIO_InitStruct = {0};
  43              		.loc 1 39 3 view .LVU1
  44              		.loc 1 39 20 is_stmt 0 view .LVU2
  45 0004 0024     		movs	r4, #0
  46 0006 0594     		str	r4, [sp, #20]
  47 0008 0694     		str	r4, [sp, #24]
  48 000a 0794     		str	r4, [sp, #28]
  49 000c 0894     		str	r4, [sp, #32]
  50 000e 0994     		str	r4, [sp, #36]
  40:Core/Src/gpio.c **** 
  41:Core/Src/gpio.c ****   /* GPIO Ports Clock Enable */
  42:Core/Src/gpio.c ****   __HAL_RCC_GPIOC_CLK_ENABLE();
  51              		.loc 1 42 3 is_stmt 1 view .LVU3
  52              	.LBB2:
  53              		.loc 1 42 3 view .LVU4
  54              		.loc 1 42 3 view .LVU5
  55 0010 2C4B     		ldr	r3, .L3
  56 0012 1A6B     		ldr	r2, [r3, #48]
  57 0014 42F00402 		orr	r2, r2, #4
  58 0018 1A63     		str	r2, [r3, #48]
  59              		.loc 1 42 3 view .LVU6
  60 001a 1A6B     		ldr	r2, [r3, #48]
  61 001c 02F00402 		and	r2, r2, #4
  62 0020 0192     		str	r2, [sp, #4]
  63              		.loc 1 42 3 view .LVU7
  64 0022 019A     		ldr	r2, [sp, #4]
  65              	.LBE2:
  66              		.loc 1 42 3 view .LVU8
  43:Core/Src/gpio.c ****   __HAL_RCC_GPIOB_CLK_ENABLE();
  67              		.loc 1 43 3 view .LVU9
  68              	.LBB3:
  69              		.loc 1 43 3 view .LVU10
  70              		.loc 1 43 3 view .LVU11
  71 0024 1A6B     		ldr	r2, [r3, #48]
  72 0026 42F00202 		orr	r2, r2, #2
ARM GAS  C:\Users\drede\AppData\Local\Temp\ccYtptWQ.s 			page 3


  73 002a 1A63     		str	r2, [r3, #48]
  74              		.loc 1 43 3 view .LVU12
  75 002c 1A6B     		ldr	r2, [r3, #48]
  76 002e 02F00202 		and	r2, r2, #2
  77 0032 0292     		str	r2, [sp, #8]
  78              		.loc 1 43 3 view .LVU13
  79 0034 029A     		ldr	r2, [sp, #8]
  80              	.LBE3:
  81              		.loc 1 43 3 view .LVU14
  44:Core/Src/gpio.c ****   __HAL_RCC_GPIOD_CLK_ENABLE();
  82              		.loc 1 44 3 view .LVU15
  83              	.LBB4:
  84              		.loc 1 44 3 view .LVU16
  85              		.loc 1 44 3 view .LVU17
  86 0036 1A6B     		ldr	r2, [r3, #48]
  87 0038 42F00802 		orr	r2, r2, #8
  88 003c 1A63     		str	r2, [r3, #48]
  89              		.loc 1 44 3 view .LVU18
  90 003e 1A6B     		ldr	r2, [r3, #48]
  91 0040 02F00802 		and	r2, r2, #8
  92 0044 0392     		str	r2, [sp, #12]
  93              		.loc 1 44 3 view .LVU19
  94 0046 039A     		ldr	r2, [sp, #12]
  95              	.LBE4:
  96              		.loc 1 44 3 view .LVU20
  45:Core/Src/gpio.c ****   __HAL_RCC_GPIOG_CLK_ENABLE();
  97              		.loc 1 45 3 view .LVU21
  98              	.LBB5:
  99              		.loc 1 45 3 view .LVU22
 100              		.loc 1 45 3 view .LVU23
 101 0048 1A6B     		ldr	r2, [r3, #48]
 102 004a 42F04002 		orr	r2, r2, #64
 103 004e 1A63     		str	r2, [r3, #48]
 104              		.loc 1 45 3 view .LVU24
 105 0050 1B6B     		ldr	r3, [r3, #48]
 106 0052 03F04003 		and	r3, r3, #64
 107 0056 0493     		str	r3, [sp, #16]
 108              		.loc 1 45 3 view .LVU25
 109 0058 049B     		ldr	r3, [sp, #16]
 110              	.LBE5:
 111              		.loc 1 45 3 view .LVU26
  46:Core/Src/gpio.c **** 
  47:Core/Src/gpio.c ****   /*Configure GPIO pin Output Level */
  48:Core/Src/gpio.c ****   HAL_GPIO_WritePin(GPIOB, GPIO_PIN_0|LD3_Pin|LD2_Pin, GPIO_PIN_RESET);
 112              		.loc 1 48 3 view .LVU27
 113 005a 1B4F     		ldr	r7, .L3+4
 114 005c 2246     		mov	r2, r4
 115 005e 44F28101 		movw	r1, #16513
 116 0062 3846     		mov	r0, r7
 117 0064 FFF7FEFF 		bl	HAL_GPIO_WritePin
 118              	.LVL0:
  49:Core/Src/gpio.c **** 
  50:Core/Src/gpio.c ****   /*Configure GPIO pin Output Level */
  51:Core/Src/gpio.c ****   HAL_GPIO_WritePin(USB_PowerSwitchOn_GPIO_Port, USB_PowerSwitchOn_Pin, GPIO_PIN_RESET);
 119              		.loc 1 51 3 view .LVU28
 120 0068 184D     		ldr	r5, .L3+8
 121 006a 2246     		mov	r2, r4
ARM GAS  C:\Users\drede\AppData\Local\Temp\ccYtptWQ.s 			page 4


 122 006c 4021     		movs	r1, #64
 123 006e 2846     		mov	r0, r5
 124 0070 FFF7FEFF 		bl	HAL_GPIO_WritePin
 125              	.LVL1:
  52:Core/Src/gpio.c **** 
  53:Core/Src/gpio.c ****   /*Configure GPIO pin : PtPin */
  54:Core/Src/gpio.c ****   GPIO_InitStruct.Pin = USER_Btn_Pin;
 126              		.loc 1 54 3 view .LVU29
 127              		.loc 1 54 23 is_stmt 0 view .LVU30
 128 0074 4FF40053 		mov	r3, #8192
 129 0078 0593     		str	r3, [sp, #20]
  55:Core/Src/gpio.c ****   GPIO_InitStruct.Mode = GPIO_MODE_IT_RISING;
 130              		.loc 1 55 3 is_stmt 1 view .LVU31
 131              		.loc 1 55 24 is_stmt 0 view .LVU32
 132 007a 154B     		ldr	r3, .L3+12
 133 007c 0693     		str	r3, [sp, #24]
  56:Core/Src/gpio.c ****   GPIO_InitStruct.Pull = GPIO_NOPULL;
 134              		.loc 1 56 3 is_stmt 1 view .LVU33
 135              		.loc 1 56 24 is_stmt 0 view .LVU34
 136 007e 0794     		str	r4, [sp, #28]
  57:Core/Src/gpio.c ****   HAL_GPIO_Init(USER_Btn_GPIO_Port, &GPIO_InitStruct);
 137              		.loc 1 57 3 is_stmt 1 view .LVU35
 138 0080 05A9     		add	r1, sp, #20
 139 0082 1448     		ldr	r0, .L3+16
 140 0084 FFF7FEFF 		bl	HAL_GPIO_Init
 141              	.LVL2:
  58:Core/Src/gpio.c **** 
  59:Core/Src/gpio.c ****   /*Configure GPIO pins : PB0 PBPin PBPin */
  60:Core/Src/gpio.c ****   GPIO_InitStruct.Pin = GPIO_PIN_0|LD3_Pin|LD2_Pin;
 142              		.loc 1 60 3 view .LVU36
 143              		.loc 1 60 23 is_stmt 0 view .LVU37
 144 0088 44F28103 		movw	r3, #16513
 145 008c 0593     		str	r3, [sp, #20]
  61:Core/Src/gpio.c ****   GPIO_InitStruct.Mode = GPIO_MODE_OUTPUT_PP;
 146              		.loc 1 61 3 is_stmt 1 view .LVU38
 147              		.loc 1 61 24 is_stmt 0 view .LVU39
 148 008e 0126     		movs	r6, #1
 149 0090 0696     		str	r6, [sp, #24]
  62:Core/Src/gpio.c ****   GPIO_InitStruct.Pull = GPIO_NOPULL;
 150              		.loc 1 62 3 is_stmt 1 view .LVU40
 151              		.loc 1 62 24 is_stmt 0 view .LVU41
 152 0092 0794     		str	r4, [sp, #28]
  63:Core/Src/gpio.c ****   GPIO_InitStruct.Speed = GPIO_SPEED_FREQ_LOW;
 153              		.loc 1 63 3 is_stmt 1 view .LVU42
 154              		.loc 1 63 25 is_stmt 0 view .LVU43
 155 0094 0894     		str	r4, [sp, #32]
  64:Core/Src/gpio.c ****   HAL_GPIO_Init(GPIOB, &GPIO_InitStruct);
 156              		.loc 1 64 3 is_stmt 1 view .LVU44
 157 0096 05A9     		add	r1, sp, #20
 158 0098 3846     		mov	r0, r7
 159 009a FFF7FEFF 		bl	HAL_GPIO_Init
 160              	.LVL3:
  65:Core/Src/gpio.c **** 
  66:Core/Src/gpio.c ****   /*Configure GPIO pin : PtPin */
  67:Core/Src/gpio.c ****   GPIO_InitStruct.Pin = USB_PowerSwitchOn_Pin;
 161              		.loc 1 67 3 view .LVU45
 162              		.loc 1 67 23 is_stmt 0 view .LVU46
ARM GAS  C:\Users\drede\AppData\Local\Temp\ccYtptWQ.s 			page 5


 163 009e 4023     		movs	r3, #64
 164 00a0 0593     		str	r3, [sp, #20]
  68:Core/Src/gpio.c ****   GPIO_InitStruct.Mode = GPIO_MODE_OUTPUT_PP;
 165              		.loc 1 68 3 is_stmt 1 view .LVU47
 166              		.loc 1 68 24 is_stmt 0 view .LVU48
 167 00a2 0696     		str	r6, [sp, #24]
  69:Core/Src/gpio.c ****   GPIO_InitStruct.Pull = GPIO_NOPULL;
 168              		.loc 1 69 3 is_stmt 1 view .LVU49
 169              		.loc 1 69 24 is_stmt 0 view .LVU50
 170 00a4 0794     		str	r4, [sp, #28]
  70:Core/Src/gpio.c ****   GPIO_InitStruct.Speed = GPIO_SPEED_FREQ_LOW;
 171              		.loc 1 70 3 is_stmt 1 view .LVU51
 172              		.loc 1 70 25 is_stmt 0 view .LVU52
 173 00a6 0894     		str	r4, [sp, #32]
  71:Core/Src/gpio.c ****   HAL_GPIO_Init(USB_PowerSwitchOn_GPIO_Port, &GPIO_InitStruct);
 174              		.loc 1 71 3 is_stmt 1 view .LVU53
 175 00a8 05A9     		add	r1, sp, #20
 176 00aa 2846     		mov	r0, r5
 177 00ac FFF7FEFF 		bl	HAL_GPIO_Init
 178              	.LVL4:
  72:Core/Src/gpio.c **** 
  73:Core/Src/gpio.c ****   /*Configure GPIO pin : PtPin */
  74:Core/Src/gpio.c ****   GPIO_InitStruct.Pin = USB_OverCurrent_Pin;
 179              		.loc 1 74 3 view .LVU54
 180              		.loc 1 74 23 is_stmt 0 view .LVU55
 181 00b0 8023     		movs	r3, #128
 182 00b2 0593     		str	r3, [sp, #20]
  75:Core/Src/gpio.c ****   GPIO_InitStruct.Mode = GPIO_MODE_INPUT;
 183              		.loc 1 75 3 is_stmt 1 view .LVU56
 184              		.loc 1 75 24 is_stmt 0 view .LVU57
 185 00b4 0694     		str	r4, [sp, #24]
  76:Core/Src/gpio.c ****   GPIO_InitStruct.Pull = GPIO_NOPULL;
 186              		.loc 1 76 3 is_stmt 1 view .LVU58
 187              		.loc 1 76 24 is_stmt 0 view .LVU59
 188 00b6 0794     		str	r4, [sp, #28]
  77:Core/Src/gpio.c ****   HAL_GPIO_Init(USB_OverCurrent_GPIO_Port, &GPIO_InitStruct);
 189              		.loc 1 77 3 is_stmt 1 view .LVU60
 190 00b8 05A9     		add	r1, sp, #20
 191 00ba 2846     		mov	r0, r5
 192 00bc FFF7FEFF 		bl	HAL_GPIO_Init
 193              	.LVL5:
  78:Core/Src/gpio.c **** 
  79:Core/Src/gpio.c **** }
 194              		.loc 1 79 1 is_stmt 0 view .LVU61
 195 00c0 0BB0     		add	sp, sp, #44
 196              	.LCFI2:
 197              		.cfi_def_cfa_offset 20
 198              		@ sp needed
 199 00c2 F0BD     		pop	{r4, r5, r6, r7, pc}
 200              	.L4:
 201              		.align	2
 202              	.L3:
 203 00c4 00380240 		.word	1073887232
 204 00c8 00040240 		.word	1073873920
 205 00cc 00180240 		.word	1073879040
 206 00d0 00001110 		.word	269549568
 207 00d4 00080240 		.word	1073874944
ARM GAS  C:\Users\drede\AppData\Local\Temp\ccYtptWQ.s 			page 6


 208              		.cfi_endproc
 209              	.LFE141:
 211              		.text
 212              	.Letext0:
 213              		.file 2 "c:\\program files (x86)\\gnu arm embedded toolchain\\10 2020-q4-major\\arm-none-eabi\\inc
 214              		.file 3 "c:\\program files (x86)\\gnu arm embedded toolchain\\10 2020-q4-major\\arm-none-eabi\\inc
 215              		.file 4 "Drivers/CMSIS/Device/ST/STM32F7xx/Include/stm32f767xx.h"
 216              		.file 5 "Drivers/STM32F7xx_HAL_Driver/Inc/stm32f7xx_hal_gpio.h"
ARM GAS  C:\Users\drede\AppData\Local\Temp\ccYtptWQ.s 			page 7


DEFINED SYMBOLS
                            *ABS*:00000000 gpio.c
C:\Users\drede\AppData\Local\Temp\ccYtptWQ.s:17     .text.MX_GPIO_Init:00000000 $t
C:\Users\drede\AppData\Local\Temp\ccYtptWQ.s:25     .text.MX_GPIO_Init:00000000 MX_GPIO_Init
C:\Users\drede\AppData\Local\Temp\ccYtptWQ.s:203    .text.MX_GPIO_Init:000000c4 $d

UNDEFINED SYMBOLS
HAL_GPIO_WritePin
HAL_GPIO_Init
